# JRE version: Java(TM) SE Runtime Environment (20.0.1+9) (build 20.0.1+9-29)
# Java VM: Java HotSpot(TM) 64-Bit Server VM (20.0.1+9-29, mixed mode, sharing, tiered, compressed oops, compressed class ptrs, g1 gc, windows-amd64)
GC Precious Log:
 CardTable entry size: 512
 Card Set container configuration: InlinePtr #cards 3 size 8 Array Of Cards #cards 128 size 272 Howl #buckets 8 coarsen threshold 29491 Howl Bitmap #cards 4096 size 528 coarsen threshold 3686 Card regions per heap region 1 cards per card region 32768
 CPUs: 12 total, 12 available
 Memory: 7863M
 Large Page Support: Disabled
 NUMA Support: Disabled
 Compressed Oops: Enabled (Zero based)
 Heap Region Size: 16M
 Heap Min Capacity: 16M
 Heap Initial Capacity: 128M
 Heap Max Capacity: 25G
 Pre-touch: Disabled
 Parallel Workers: 10
 Concurrent Workers: 3
 Concurrent Refinement Workers: 10
 Periodic GC: Disabled
Heap:
 garbage-first heap   total 6324224K, used 348317K [0x00000001c0000000, 0x0000000800000000)
  region size 16384K, 2 young (32768K), 2 survivors (32768K)
 Metaspace       used 41407K, committed 41920K, reserved 1114112K
  class space    used 4645K, committed 4864K, reserved 1048576K
GC Heap History (20 events):
Event: 315.485 GC heap after
{Heap after GC invocations=113 (full 0):
 garbage-first heap   total 5488640K, used 299274K [0x00000001c0000000, 0x0000000800000000)
  region size 16384K, 5 young (81920K), 5 survivors (81920K)
 Metaspace       used 41278K, committed 41792K, reserved 1114112K
  class space    used 4639K, committed 4864K, reserved 1048576K
}
Event: 318.183 GC heap before
{Heap before GC invocations=113 (full 0):
 garbage-first heap   total 5488640K, used 2658570K [0x00000001c0000000, 0x0000000800000000)
  region size 16384K, 150 young (2457600K), 5 survivors (81920K)
 Metaspace       used 41278K, committed 41792K, reserved 1114112K
  class space    used 4639K, committed 4864K, reserved 1048576K
}
Event: 318.382 GC heap after
{Heap after GC invocations=114 (full 0):
 garbage-first heap   total 5488640K, used 306758K [0x00000001c0000000, 0x0000000800000000)
  region size 16384K, 5 young (81920K), 5 survivors (81920K)
 Metaspace       used 41278K, committed 41792K, reserved 1114112K
  class space    used 4639K, committed 4864K, reserved 1048576K
}
Event: 318.859 GC heap before
{Heap before GC invocations=114 (full 0):
 garbage-first heap   total 5488640K, used 765510K [0x00000001c0000000, 0x0000000800000000)
  region size 16384K, 33 young (540672K), 5 survivors (81920K)
 Metaspace       used 41278K, committed 41792K, reserved 1114112K
  class space    used 4639K, committed 4864K, reserved 1048576K
}
Event: 319.038 GC heap after
{Heap after GC invocations=115 (full 0):
 garbage-first heap   total 5488640K, used 295398K [0x00000001c0000000, 0x0000000800000000)
  region size 16384K, 2 young (32768K), 2 survivors (32768K)
 Metaspace       used 41278K, committed 41792K, reserved 1114112K
  class space    used 4639K, committed 4864K, reserved 1048576K
}
Event: 327.423 GC heap before
{Heap before GC invocations=115 (full 0):
 garbage-first heap   total 5488640K, used 3539430K [0x00000001c0000000, 0x0000000800000000)
  region size 16384K, 201 young (3293184K), 2 survivors (32768K)
 Metaspace       used 41285K, committed 41856K, reserved 1114112K
  class space    used 4639K, committed 4864K, reserved 1048576K
}
Event: 327.511 GC heap after
{Heap after GC invocations=116 (full 0):
 garbage-first heap   total 6324224K, used 303703K [0x00000001c0000000, 0x0000000800000000)
  region size 16384K, 3 young (49152K), 3 survivors (49152K)
 Metaspace       used 41285K, committed 41856K, reserved 1114112K
  class space    used 4639K, committed 4864K, reserved 1048576K
}
Event: 348.104 GC heap before
{Heap before GC invocations=116 (full 0):
 garbage-first heap   total 6324224K, used 4022871K [0x00000001c0000000, 0x0000000800000000)
  region size 16384K, 231 young (3784704K), 3 survivors (49152K)
 Metaspace       used 41311K, committed 41856K, reserved 1114112K
  class space    used 4639K, committed 4864K, reserved 1048576K
}
Event: 348.312 GC heap after
{Heap after GC invocations=117 (full 0):
 garbage-first heap   total 6324224K, used 299913K [0x00000001c0000000, 0x0000000800000000)
  region size 16384K, 3 young (49152K), 3 survivors (49152K)
 Metaspace       used 41311K, committed 41856K, reserved 1114112K
  class space    used 4639K, committed 4864K, reserved 1048576K
}
Event: 372.831 GC heap before
{Heap before GC invocations=117 (full 0):
 garbage-first heap   total 6324224K, used 4035465K [0x00000001c0000000, 0x0000000800000000)
  region size 16384K, 231 young (3784704K), 3 survivors (49152K)
 Metaspace       used 41343K, committed 41856K, reserved 1114112K
  class space    used 4641K, committed 4864K, reserved 1048576K
}
Event: 373.020 GC heap after
{Heap after GC invocations=118 (full 0):
 garbage-first heap   total 6324224K, used 322209K [0x00000001c0000000, 0x0000000800000000)
  region size 16384K, 4 young (65536K), 4 survivors (65536K)
 Metaspace       used 41343K, committed 41856K, reserved 1114112K
  class space    used 4641K, committed 4864K, reserved 1048576K
}
Event: 374.782 GC heap before
{Heap before GC invocations=118 (full 0):
 garbage-first heap   total 6324224K, used 567969K [0x00000001c0000000, 0x0000000800000000)
  region size 16384K, 19 young (311296K), 4 survivors (65536K)
 Metaspace       used 41355K, committed 41856K, reserved 1114112K
  class space    used 4643K, committed 4864K, reserved 1048576K
}
Event: 375.886 GC heap after
{Heap after GC invocations=119 (full 0):
 garbage-first heap   total 6324224K, used 331673K [0x00000001c0000000, 0x0000000800000000)
  region size 16384K, 2 young (32768K), 2 survivors (32768K)
 Metaspace       used 41355K, committed 41856K, reserved 1114112K
  class space    used 4643K, committed 4864K, reserved 1048576K
}
Event: 376.486 GC heap before
{Heap before GC invocations=119 (full 0):
 garbage-first heap   total 6324224K, used 593817K [0x00000001c0000000, 0x0000000800000000)
  region size 16384K, 19 young (311296K), 2 survivors (32768K)
 Metaspace       used 41407K, committed 41920K, reserved 1114112K
  class space    used 4645K, committed 4864K, reserved 1048576K
}
Event: 376.534 GC heap after
{Heap after GC invocations=120 (full 0):
 garbage-first heap   total 6324224K, used 327865K [0x00000001c0000000, 0x0000000800000000)
  region size 16384K, 2 young (32768K), 2 survivors (32768K)
 Metaspace       used 41407K, committed 41920K, reserved 1114112K
  class space    used 4645K, committed 4864K, reserved 1048576K
}
Event: 376.689 GC heap before
{Heap before GC invocations=120 (full 0):
 garbage-first heap   total 6324224K, used 590009K [0x00000001c0000000, 0x0000000800000000)
  region size 16384K, 19 young (311296K), 2 survivors (32768K)
 Metaspace       used 41407K, committed 41920K, reserved 1114112K
  class space    used 4645K, committed 4864K, reserved 1048576K
}
Event: 376.700 GC heap after
{Heap after GC invocations=121 (full 0):
 garbage-first heap   total 6324224K, used 347112K [0x00000001c0000000, 0x0000000800000000)
  region size 16384K, 3 young (49152K), 3 survivors (49152K)
 Metaspace       used 41407K, committed 41920K, reserved 1114112K
  class space    used 4645K, committed 4864K, reserved 1048576K
}
Event: 376.802 GC heap before
{Heap before GC invocations=121 (full 0):
 garbage-first heap   total 6324224K, used 609256K [0x00000001c0000000, 0x0000000800000000)
  region size 16384K, 19 young (311296K), 3 survivors (49152K)
 Metaspace       used 41407K, committed 41920K, reserved 1114112K
  class space    used 4645K, committed 4864K, reserved 1048576K
}
Event: 376.902 GC heap after
{Heap after GC invocations=122 (full 0):
 garbage-first heap   total 6324224K, used 357701K [0x00000001c0000000, 0x0000000800000000)
  region size 16384K, 3 young (49152K), 3 survivors (49152K)
 Metaspace       used 41407K, committed 41920K, reserved 1114112K
  class space    used 4645K, committed 4864K, reserved 1048576K
}
Event: 377.001 GC heap before
{Heap before GC invocations=122 (full 0):
 garbage-first heap   total 6324224K, used 603461K [0x00000001c0000000, 0x0000000800000000)
  region size 16384K, 19 young (311296K), 3 survivors (49152K)
 Metaspace       used 41407K, committed 41920K, reserved 1114112K
  class space    used 4645K, committed 4864K, reserved 1048576K
}

