# JRE version: Java(TM) SE Runtime Environment (20.0.1+9) (build 20.0.1+9-29)
# Java VM: Java HotSpot(TM) 64-Bit Server VM (20.0.1+9-29, mixed mode, sharing, tiered, compressed oops, compressed class ptrs, g1 gc, windows-amd64)
GC Precious Log:
 CardTable entry size: 512
 Card Set container configuration: InlinePtr #cards 3 size 8 Array Of Cards #cards 128 size 272 Howl #buckets 8 coarsen threshold 29491 Howl Bitmap #cards 4096 size 528 coarsen threshold 3686 Card regions per heap region 1 cards per card region 32768
 CPUs: 12 total, 12 available
 Memory: 7863M
 Large Page Support: Disabled
 NUMA Support: Disabled
 Compressed Oops: Enabled (Zero based)
 Heap Region Size: 16M
 Heap Min Capacity: 16M
 Heap Initial Capacity: 128M
 Heap Max Capacity: 25G
 Pre-touch: Disabled
 Parallel Workers: 10
 Concurrent Workers: 3
 Concurrent Refinement Workers: 10
 Periodic GC: Disabled
Heap:
 garbage-first heap   total 5423104K, used 246179K [0x00000001c0000000, 0x0000000800000000)
  region size 16384K, 1 young (16384K), 1 survivors (16384K)
 Metaspace       used 39252K, committed 39808K, reserved 1114112K
  class space    used 4447K, committed 4672K, reserved 1048576K
GC Heap History (20 events):
Event: 168.656 GC heap after
{Heap after GC invocations=105 (full 1):
 garbage-first heap   total 5423104K, used 195494K [0x00000001c0000000, 0x0000000800000000)
  region size 16384K, 6 young (98304K), 6 survivors (98304K)
 Metaspace       used 39012K, committed 39552K, reserved 1114112K
  class space    used 4442K, committed 4672K, reserved 1048576K
}
Event: 186.799 GC heap before
{Heap before GC invocations=105 (full 1):
 garbage-first heap   total 5423104K, used 3341222K [0x00000001c0000000, 0x0000000800000000)
  region size 16384K, 198 young (3244032K), 6 survivors (98304K)
 Metaspace       used 39057K, committed 39616K, reserved 1114112K
  class space    used 4442K, committed 4672K, reserved 1048576K
}
Event: 187.108 GC heap after
{Heap after GC invocations=106 (full 1):
 garbage-first heap   total 5423104K, used 176351K [0x00000001c0000000, 0x0000000800000000)
  region size 16384K, 4 young (65536K), 4 survivors (65536K)
 Metaspace       used 39057K, committed 39616K, reserved 1114112K
  class space    used 4442K, committed 4672K, reserved 1048576K
}
Event: 196.872 GC heap before
{Heap before GC invocations=106 (full 1):
 garbage-first heap   total 5423104K, used 2093279K [0x00000001c0000000, 0x0000000800000000)
  region size 16384K, 121 young (1982464K), 4 survivors (65536K)
 Metaspace       used 39083K, committed 39616K, reserved 1114112K
  class space    used 4444K, committed 4672K, reserved 1048576K
}
Event: 196.958 GC heap after
{Heap after GC invocations=107 (full 1):
 garbage-first heap   total 5423104K, used 196290K [0x00000001c0000000, 0x0000000800000000)
  region size 16384K, 6 young (98304K), 6 survivors (98304K)
 Metaspace       used 39083K, committed 39616K, reserved 1114112K
  class space    used 4444K, committed 4672K, reserved 1048576K
}
Event: 197.115 GC heap before
{Heap before GC invocations=107 (full 1):
 garbage-first heap   total 5423104K, used 360130K [0x00000001c0000000, 0x0000000800000000)
  region size 16384K, 16 young (262144K), 6 survivors (98304K)
 Metaspace       used 39086K, committed 39616K, reserved 1114112K
  class space    used 4444K, committed 4672K, reserved 1048576K
}
Event: 197.188 GC heap after
{Heap after GC invocations=108 (full 1):
 garbage-first heap   total 5423104K, used 205562K [0x00000001c0000000, 0x0000000800000000)
  region size 16384K, 2 young (32768K), 2 survivors (32768K)
 Metaspace       used 39086K, committed 39616K, reserved 1114112K
  class space    used 4444K, committed 4672K, reserved 1048576K
}
Event: 206.836 GC heap before
{Heap before GC invocations=108 (full 1):
 garbage-first heap   total 5423104K, used 3400442K [0x00000001c0000000, 0x0000000800000000)
  region size 16384K, 198 young (3244032K), 2 survivors (32768K)
 Metaspace       used 39137K, committed 39680K, reserved 1114112K
  class space    used 4444K, committed 4672K, reserved 1048576K
}
Event: 206.969 GC heap after
{Heap after GC invocations=109 (full 1):
 garbage-first heap   total 5423104K, used 228125K [0x00000001c0000000, 0x0000000800000000)
  region size 16384K, 3 young (49152K), 3 survivors (49152K)
 Metaspace       used 39137K, committed 39680K, reserved 1114112K
  class space    used 4444K, committed 4672K, reserved 1048576K
}
Event: 222.134 GC heap before
{Heap before GC invocations=109 (full 1):
 garbage-first heap   total 5423104K, used 3423005K [0x00000001c0000000, 0x0000000800000000)
  region size 16384K, 198 young (3244032K), 3 survivors (49152K)
 Metaspace       used 39177K, committed 39680K, reserved 1114112K
  class space    used 4444K, committed 4672K, reserved 1048576K
}
Event: 222.261 GC heap after
{Heap after GC invocations=110 (full 1):
 garbage-first heap   total 5423104K, used 238872K [0x00000001c0000000, 0x0000000800000000)
  region size 16384K, 4 young (65536K), 4 survivors (65536K)
 Metaspace       used 39177K, committed 39680K, reserved 1114112K
  class space    used 4444K, committed 4672K, reserved 1048576K
}
Event: 240.673 GC heap before
{Heap before GC invocations=110 (full 1):
 garbage-first heap   total 5423104K, used 3400984K [0x00000001c0000000, 0x0000000800000000)
  region size 16384K, 198 young (3244032K), 4 survivors (65536K)
 Metaspace       used 39252K, committed 39808K, reserved 1114112K
  class space    used 4447K, committed 4672K, reserved 1048576K
}
Event: 240.955 GC heap after
{Heap after GC invocations=111 (full 1):
 garbage-first heap   total 5423104K, used 236405K [0x00000001c0000000, 0x0000000800000000)
  region size 16384K, 4 young (65536K), 4 survivors (65536K)
 Metaspace       used 39252K, committed 39808K, reserved 1114112K
  class space    used 4447K, committed 4672K, reserved 1048576K
}
Event: 242.782 GC heap before
{Heap before GC invocations=111 (full 1):
 garbage-first heap   total 5423104K, used 433013K [0x00000001c0000000, 0x0000000800000000)
  region size 16384K, 16 young (262144K), 4 survivors (65536K)
 Metaspace       used 39252K, committed 39808K, reserved 1114112K
  class space    used 4447K, committed 4672K, reserved 1048576K
}
Event: 243.415 GC heap after
{Heap after GC invocations=112 (full 1):
 garbage-first heap   total 5423104K, used 239635K [0x00000001c0000000, 0x0000000800000000)
  region size 16384K, 2 young (32768K), 2 survivors (32768K)
 Metaspace       used 39252K, committed 39808K, reserved 1114112K
  class space    used 4447K, committed 4672K, reserved 1048576K
}
Event: 244.455 GC heap before
{Heap before GC invocations=112 (full 1):
 garbage-first heap   total 5423104K, used 452627K [0x00000001c0000000, 0x0000000800000000)
  region size 16384K, 16 young (262144K), 2 survivors (32768K)
 Metaspace       used 39252K, committed 39808K, reserved 1114112K
  class space    used 4447K, committed 4672K, reserved 1048576K
}
Event: 244.643 GC heap after
{Heap after GC invocations=113 (full 1):
 garbage-first heap   total 5423104K, used 239278K [0x00000001c0000000, 0x0000000800000000)
  region size 16384K, 2 young (32768K), 2 survivors (32768K)
 Metaspace       used 39252K, committed 39808K, reserved 1114112K
  class space    used 4447K, committed 4672K, reserved 1048576K
}
Event: 245.056 GC heap before
{Heap before GC invocations=113 (full 1):
 garbage-first heap   total 5423104K, used 468654K [0x00000001c0000000, 0x0000000800000000)
  region size 16384K, 16 young (262144K), 2 survivors (32768K)
 Metaspace       used 39252K, committed 39808K, reserved 1114112K
  class space    used 4447K, committed 4672K, reserved 1048576K
}
Event: 245.250 GC heap after
{Heap after GC invocations=114 (full 1):
 garbage-first heap   total 5423104K, used 252386K [0x00000001c0000000, 0x0000000800000000)
  region size 16384K, 2 young (32768K), 2 survivors (32768K)
 Metaspace       used 39252K, committed 39808K, reserved 1114112K
  class space    used 4447K, committed 4672K, reserved 1048576K
}
Event: 245.572 GC heap before
{Heap before GC invocations=114 (full 1):
 garbage-first heap   total 5423104K, used 465378K [0x00000001c0000000, 0x0000000800000000)
  region size 16384K, 16 young (262144K), 2 survivors (32768K)
 Metaspace       used 39252K, committed 39808K, reserved 1114112K
  class space    used 4447K, committed 4672K, reserved 1048576K
}

